<?xml version="1.0" encoding="UTF-8"?>
<!-- Generated by org.testng.reporters.JUnitReportReporter -->
<testsuite hostname="DESKTOP-1VMS04J" failures="0" tests="1" name="com.tests.LoginForVisualUserTest" time="20.241" errors="0" timestamp="2024-03-10T14:58:39 IST" skipped="0">
  <testcase classname="com.tests.LoginForVisualUserTest" name="loginForVisualUserTest" time="20.241"/>
</testsuite> <!-- com.tests.LoginForVisualUserTest -->
