<?xml version="1.0" encoding="UTF-8"?>
<!-- Generated by org.testng.reporters.JUnitReportReporter -->
<testsuite hostname="DESKTOP-1VMS04J" failures="0" tests="1" name="com.tests.LoginForLockedOutUserTest" time="14.625" errors="0" timestamp="2024-03-10T21:05:39 IST" skipped="0">
  <testcase classname="com.tests.LoginForLockedOutUserTest" name="loginForLockedOutUserTest" time="14.625"/>
</testsuite> <!-- com.tests.LoginForLockedOutUserTest -->
