<?xml version="1.0" encoding="UTF-8"?>
<!-- Generated by org.testng.reporters.JUnitReportReporter -->
<testsuite hostname="DESKTOP-1VMS04J" failures="0" tests="1" name="com.tests.LoginForPerformanceGlitchUser" time="24.201" errors="0" timestamp="2024-03-10T14:58:39 IST" skipped="0">
  <testcase classname="com.tests.LoginForPerformanceGlitchUser" name="loginForPerformanceGlitchUserTest" time="24.201"/>
</testsuite> <!-- com.tests.LoginForPerformanceGlitchUser -->
