<?xml version="1.0" encoding="UTF-8"?>
<!-- Generated by org.testng.reporters.JUnitReportReporter -->
<testsuite hostname="DESKTOP-1VMS04J" failures="0" tests="1" name="com.tests.ErrorValidationOnCheckoutTest" time="9.552" errors="0" timestamp="2024-03-10T21:13:02 IST" skipped="0">
  <testcase classname="com.tests.ErrorValidationOnCheckoutTest" name="errorValidationOnCheckoutTest" time="9.552"/>
</testsuite> <!-- com.tests.ErrorValidationOnCheckoutTest -->
